2023-07-29T14:04:06.668+07:00  INFO 15748 --- [main] com.luongvandat.AddCustomerApplication   : Starting AddCustomerApplication using Java 17.0.7 with PID 15748 (F:\KienTruc\HubDemo\AddCustomer\target\classes started by luongvandat in F:\KienTruc\HubDemo\AddCustomer)
2023-07-29T14:04:06.680+07:00  INFO 15748 --- [main] com.luongvandat.AddCustomerApplication   : No active profile set, falling back to 1 default profile: "default"
2023-07-29T14:04:09.419+07:00  INFO 15748 --- [main] .s.d.r.c.RepositoryConfigurationDelegate : Bootstrapping Spring Data JPA repositories in DEFAULT mode.
2023-07-29T14:04:09.863+07:00  INFO 15748 --- [main] .s.d.r.c.RepositoryConfigurationDelegate : Finished Spring Data repository scanning in 426 ms. Found 1 JPA repository interfaces.
2023-07-29T14:04:10.413+07:00  INFO 15748 --- [main] o.s.cloud.context.scope.GenericScope     : BeanFactory id=2efa9b20-1a03-3302-8500-c019dd86ff23
2023-07-29T14:04:11.365+07:00  INFO 15748 --- [main] o.s.b.w.embedded.tomcat.TomcatWebServer  : Tomcat initialized with port(s): 8881 (http)
2023-07-29T14:04:11.384+07:00  INFO 15748 --- [main] o.apache.catalina.core.StandardService   : Starting service [Tomcat]
2023-07-29T14:04:11.385+07:00  INFO 15748 --- [main] o.apache.catalina.core.StandardEngine    : Starting Servlet engine: [Apache Tomcat/10.1.11]
2023-07-29T14:04:11.665+07:00  INFO 15748 --- [main] o.a.c.c.C.[Tomcat].[localhost].[/]       : Initializing Spring embedded WebApplicationContext
2023-07-29T14:04:11.668+07:00  INFO 15748 --- [main] w.s.c.ServletWebServerApplicationContext : Root WebApplicationContext: initialization completed in 4765 ms
2023-07-29T14:04:12.530+07:00  INFO 15748 --- [main] o.hibernate.jpa.internal.util.LogHelper  : HHH000204: Processing PersistenceUnitInfo [name: default]
2023-07-29T14:04:12.685+07:00  INFO 15748 --- [main] org.hibernate.Version                    : HHH000412: Hibernate ORM core version 6.2.6.Final
2023-07-29T14:04:12.691+07:00  INFO 15748 --- [main] org.hibernate.cfg.Environment            : HHH000406: Using bytecode reflection optimizer
2023-07-29T14:04:13.101+07:00  INFO 15748 --- [main] o.h.b.i.BytecodeProviderInitiator        : HHH000021: Bytecode provider name : bytebuddy
2023-07-29T14:04:13.459+07:00  INFO 15748 --- [main] o.s.o.j.p.SpringPersistenceUnitInfo      : No LoadTimeWeaver setup: ignoring JPA class transformer
2023-07-29T14:04:13.499+07:00  INFO 15748 --- [main] com.zaxxer.hikari.HikariDataSource       : HikariPool-1 - Starting...
2023-07-29T14:04:13.896+07:00  INFO 15748 --- [main] com.zaxxer.hikari.pool.HikariPool        : HikariPool-1 - Added connection com.mysql.cj.jdbc.ConnectionImpl@3355b8ff
2023-07-29T14:04:13.900+07:00  INFO 15748 --- [main] com.zaxxer.hikari.HikariDataSource       : HikariPool-1 - Start completed.
2023-07-29T14:04:13.999+07:00  WARN 15748 --- [main] org.hibernate.dialect.Dialect            : HHH000511: The 5.5.0 version for [org.hibernate.dialect.MySQLDialect] is no longer supported, hence certain features may not work properly. The minimum supported version is 5.7.0. Check the community dialects project for available legacy versions.
2023-07-29T14:04:14.520+07:00  INFO 15748 --- [main] o.h.b.i.BytecodeProviderInitiator        : HHH000021: Bytecode provider name : bytebuddy
2023-07-29T14:04:16.065+07:00  INFO 15748 --- [main] o.h.e.t.j.p.i.JtaPlatformInitiator       : HHH000490: Using JtaPlatform implementation: [org.hibernate.engine.transaction.jta.platform.internal.NoJtaPlatform]
2023-07-29T14:04:16.192+07:00  INFO 15748 --- [main] j.LocalContainerEntityManagerFactoryBean : Initialized JPA EntityManagerFactory for persistence unit 'default'
2023-07-29T14:04:17.391+07:00  WARN 15748 --- [main] JpaBaseConfiguration$JpaWebConfiguration : spring.jpa.open-in-view is enabled by default. Therefore, database queries may be performed during view rendering. Explicitly configure spring.jpa.open-in-view to disable this warning
2023-07-29T14:04:20.255+07:00  INFO 15748 --- [main] DiscoveryClientOptionalArgsConfiguration : Eureka HTTP Client uses RestTemplate.
2023-07-29T14:04:20.392+07:00  WARN 15748 --- [main] iguration$LoadBalancerCaffeineWarnLogger : Spring Cloud LoadBalancer is currently working with the default cache. While this cache implementation is useful for development and tests, it's recommended to use Caffeine cache in production.You can switch to using Caffeine cache, by adding it and org.springframework.cache.caffeine.CaffeineCacheManager to the classpath.
2023-07-29T14:04:20.408+07:00  INFO 15748 --- [main] o.s.b.a.e.web.EndpointLinksResolver      : Exposing 17 endpoint(s) beneath base path '/actuator'
2023-07-29T14:04:20.884+07:00  INFO 15748 --- [main] o.s.c.n.eureka.InstanceInfoFactory       : Setting initial instance status as: STARTING
2023-07-29T14:04:21.091+07:00  INFO 15748 --- [main] com.netflix.discovery.DiscoveryClient    : Initializing Eureka in region us-east-1
2023-07-29T14:04:21.117+07:00  INFO 15748 --- [main] c.n.d.s.r.aws.ConfigClusterResolver      : Resolving eureka endpoints via configuration
2023-07-29T14:04:21.177+07:00  INFO 15748 --- [main] com.netflix.discovery.DiscoveryClient    : Disable delta property : false
2023-07-29T14:04:21.177+07:00  INFO 15748 --- [main] com.netflix.discovery.DiscoveryClient    : Single vip registry refresh property : null
2023-07-29T14:04:21.177+07:00  INFO 15748 --- [main] com.netflix.discovery.DiscoveryClient    : Force full registry fetch : false
2023-07-29T14:04:21.177+07:00  INFO 15748 --- [main] com.netflix.discovery.DiscoveryClient    : Application is null : false
2023-07-29T14:04:21.177+07:00  INFO 15748 --- [main] com.netflix.discovery.DiscoveryClient    : Registered Applications size is zero : true
2023-07-29T14:04:21.177+07:00  INFO 15748 --- [main] com.netflix.discovery.DiscoveryClient    : Application version is -1: true
2023-07-29T14:04:21.177+07:00  INFO 15748 --- [main] com.netflix.discovery.DiscoveryClient    : Getting all instance registry info from the eureka server
2023-07-29T14:04:22.295+07:00  INFO 15748 --- [main] com.netflix.discovery.DiscoveryClient    : The response status is 200
2023-07-29T14:04:22.307+07:00  INFO 15748 --- [main] com.netflix.discovery.DiscoveryClient    : Starting heartbeat executor: renew interval is: 30
2023-07-29T14:04:22.319+07:00  INFO 15748 --- [main] c.n.discovery.InstanceInfoReplicator     : InstanceInfoReplicator onDemand update allowed rate per min is 4
2023-07-29T14:04:22.331+07:00  INFO 15748 --- [main] com.netflix.discovery.DiscoveryClient    : Discovery Client initialized at timestamp 1690614262323 with initial instances count: 0
2023-07-29T14:04:22.342+07:00  INFO 15748 --- [main] o.s.c.n.e.s.EurekaServiceRegistry        : Registering application ADD-CUSTOMER-SERVICE with eureka with status UP
2023-07-29T14:04:22.345+07:00  INFO 15748 --- [main] com.netflix.discovery.DiscoveryClient    : Saw local status change event StatusChangeEvent [timestamp=1690614262345, current=UP, previous=STARTING]
2023-07-29T14:04:22.352+07:00  INFO 15748 --- [DiscoveryClient-InstanceInfoReplicator-0] com.netflix.discovery.DiscoveryClient    : DiscoveryClient_ADD-CUSTOMER-SERVICE/laptop:add-customer-service:8881: registering service...
2023-07-29T14:04:22.413+07:00  INFO 15748 --- [main] o.s.b.w.embedded.tomcat.TomcatWebServer  : Tomcat started on port(s): 8881 (http) with context path ''
2023-07-29T14:04:22.413+07:00  INFO 15748 --- [main] .s.c.n.e.s.EurekaAutoServiceRegistration : Updating port to 8881
2023-07-29T14:04:22.807+07:00  INFO 15748 --- [DiscoveryClient-InstanceInfoReplicator-0] com.netflix.discovery.DiscoveryClient    : DiscoveryClient_ADD-CUSTOMER-SERVICE/laptop:add-customer-service:8881 - registration status: 204
2023-07-29T14:04:23.252+07:00  INFO 15748 --- [main] com.luongvandat.AddCustomerApplication   : Started AddCustomerApplication in 18.074 seconds (process running for 20.924)
2023-07-29T14:04:24.182+07:00  INFO 15748 --- [registrationTask1] d.c.b.a.c.r.ApplicationRegistrator       : Application registered itself as 5b5527fddfd9
2023-07-29T14:04:24.592+07:00  INFO 15748 --- [http-nio-8881-exec-1] o.a.c.c.C.[Tomcat].[localhost].[/]       : Initializing Spring DispatcherServlet 'dispatcherServlet'
2023-07-29T14:04:24.592+07:00  INFO 15748 --- [http-nio-8881-exec-1] o.s.web.servlet.DispatcherServlet        : Initializing Servlet 'dispatcherServlet'
2023-07-29T14:04:24.598+07:00  INFO 15748 --- [http-nio-8881-exec-1] o.s.web.servlet.DispatcherServlet        : Completed initialization in 4 ms
2023-07-29T14:04:52.318+07:00  INFO 15748 --- [DiscoveryClient-CacheRefreshExecutor-0] com.netflix.discovery.DiscoveryClient    : Disable delta property : false
2023-07-29T14:04:52.319+07:00  INFO 15748 --- [DiscoveryClient-CacheRefreshExecutor-0] com.netflix.discovery.DiscoveryClient    : Single vip registry refresh property : null
2023-07-29T14:04:52.319+07:00  INFO 15748 --- [DiscoveryClient-CacheRefreshExecutor-0] com.netflix.discovery.DiscoveryClient    : Force full registry fetch : false
2023-07-29T14:04:52.319+07:00  INFO 15748 --- [DiscoveryClient-CacheRefreshExecutor-0] com.netflix.discovery.DiscoveryClient    : Application is null : false
2023-07-29T14:04:52.319+07:00  INFO 15748 --- [DiscoveryClient-CacheRefreshExecutor-0] com.netflix.discovery.DiscoveryClient    : Registered Applications size is zero : true
2023-07-29T14:04:52.319+07:00  INFO 15748 --- [DiscoveryClient-CacheRefreshExecutor-0] com.netflix.discovery.DiscoveryClient    : Application version is -1: false
2023-07-29T14:04:52.319+07:00  INFO 15748 --- [DiscoveryClient-CacheRefreshExecutor-0] com.netflix.discovery.DiscoveryClient    : Getting all instance registry info from the eureka server
2023-07-29T14:04:52.340+07:00  INFO 15748 --- [DiscoveryClient-CacheRefreshExecutor-0] com.netflix.discovery.DiscoveryClient    : The response status is 200
2023-07-29T14:09:21.196+07:00  INFO 15748 --- [AsyncResolver-bootstrap-executor-0] c.n.d.s.r.aws.ConfigClusterResolver      : Resolving eureka endpoints via configuration
2023-07-29T14:14:21.206+07:00  INFO 15748 --- [AsyncResolver-bootstrap-executor-0] c.n.d.s.r.aws.ConfigClusterResolver      : Resolving eureka endpoints via configuration
2023-07-29T14:17:30.234+07:00  INFO 15748 --- [SpringApplicationShutdownHook] o.s.c.n.e.s.EurekaServiceRegistry        : Unregistering application ADD-CUSTOMER-SERVICE with eureka with status DOWN
2023-07-29T14:17:30.235+07:00  INFO 15748 --- [SpringApplicationShutdownHook] com.netflix.discovery.DiscoveryClient    : Saw local status change event StatusChangeEvent [timestamp=1690615050235, current=DOWN, previous=UP]
2023-07-29T14:17:30.236+07:00  INFO 15748 --- [DiscoveryClient-InstanceInfoReplicator-0] com.netflix.discovery.DiscoveryClient    : DiscoveryClient_ADD-CUSTOMER-SERVICE/laptop:add-customer-service:8881: registering service...
2023-07-29T14:17:30.244+07:00  INFO 15748 --- [DiscoveryClient-InstanceInfoReplicator-0] com.netflix.discovery.DiscoveryClient    : DiscoveryClient_ADD-CUSTOMER-SERVICE/laptop:add-customer-service:8881 - registration status: 204
2023-07-29T14:17:30.292+07:00  INFO 15748 --- [SpringApplicationShutdownHook] j.LocalContainerEntityManagerFactoryBean : Closing JPA EntityManagerFactory for persistence unit 'default'
2023-07-29T14:17:30.296+07:00  INFO 15748 --- [SpringApplicationShutdownHook] com.zaxxer.hikari.HikariDataSource       : HikariPool-1 - Shutdown initiated...
2023-07-29T14:17:30.311+07:00  INFO 15748 --- [SpringApplicationShutdownHook] com.zaxxer.hikari.HikariDataSource       : HikariPool-1 - Shutdown completed.
2023-07-29T14:17:30.312+07:00  INFO 15748 --- [SpringApplicationShutdownHook] com.netflix.discovery.DiscoveryClient    : Shutting down DiscoveryClient ...
2023-07-29T14:17:33.323+07:00  INFO 15748 --- [SpringApplicationShutdownHook] com.netflix.discovery.DiscoveryClient    : Unregistering ...
2023-07-29T14:17:33.345+07:00  INFO 15748 --- [SpringApplicationShutdownHook] com.netflix.discovery.DiscoveryClient    : DiscoveryClient_ADD-CUSTOMER-SERVICE/laptop:add-customer-service:8881 - deregister  status: 200
2023-07-29T14:17:33.367+07:00  INFO 15748 --- [SpringApplicationShutdownHook] com.netflix.discovery.DiscoveryClient    : Completed shut down of DiscoveryClient
2023-07-29T14:17:54.921+07:00  INFO 24224 --- [main] com.luongvandat.AddCustomerApplication   : Starting AddCustomerApplication using Java 17.0.7 with PID 24224 (F:\KienTruc\HubDemo\AddCustomer\target\classes started by luongvandat in F:\KienTruc\HubDemo\AddCustomer)
2023-07-29T14:17:54.926+07:00  INFO 24224 --- [main] com.luongvandat.AddCustomerApplication   : No active profile set, falling back to 1 default profile: "default"
2023-07-29T14:17:57.371+07:00  INFO 24224 --- [main] .s.d.r.c.RepositoryConfigurationDelegate : Bootstrapping Spring Data JPA repositories in DEFAULT mode.
2023-07-29T14:17:57.725+07:00  INFO 24224 --- [main] .s.d.r.c.RepositoryConfigurationDelegate : Finished Spring Data repository scanning in 342 ms. Found 1 JPA repository interfaces.
2023-07-29T14:17:58.240+07:00  INFO 24224 --- [main] o.s.cloud.context.scope.GenericScope     : BeanFactory id=2efa9b20-1a03-3302-8500-c019dd86ff23
2023-07-29T14:17:59.108+07:00  INFO 24224 --- [main] o.s.b.w.embedded.tomcat.TomcatWebServer  : Tomcat initialized with port(s): 8881 (http)
2023-07-29T14:17:59.124+07:00  INFO 24224 --- [main] o.apache.catalina.core.StandardService   : Starting service [Tomcat]
2023-07-29T14:17:59.124+07:00  INFO 24224 --- [main] o.apache.catalina.core.StandardEngine    : Starting Servlet engine: [Apache Tomcat/10.1.11]
2023-07-29T14:17:59.361+07:00  INFO 24224 --- [main] o.a.c.c.C.[Tomcat].[localhost].[/]       : Initializing Spring embedded WebApplicationContext
2023-07-29T14:17:59.361+07:00  INFO 24224 --- [main] w.s.c.ServletWebServerApplicationContext : Root WebApplicationContext: initialization completed in 4272 ms
2023-07-29T14:17:59.974+07:00  INFO 24224 --- [main] o.hibernate.jpa.internal.util.LogHelper  : HHH000204: Processing PersistenceUnitInfo [name: default]
2023-07-29T14:18:00.085+07:00  INFO 24224 --- [main] org.hibernate.Version                    : HHH000412: Hibernate ORM core version 6.2.6.Final
2023-07-29T14:18:00.085+07:00  INFO 24224 --- [main] org.hibernate.cfg.Environment            : HHH000406: Using bytecode reflection optimizer
2023-07-29T14:18:00.401+07:00  INFO 24224 --- [main] o.h.b.i.BytecodeProviderInitiator        : HHH000021: Bytecode provider name : bytebuddy
2023-07-29T14:18:00.646+07:00  INFO 24224 --- [main] o.s.o.j.p.SpringPersistenceUnitInfo      : No LoadTimeWeaver setup: ignoring JPA class transformer
2023-07-29T14:18:00.684+07:00  INFO 24224 --- [main] com.zaxxer.hikari.HikariDataSource       : HikariPool-1 - Starting...
2023-07-29T14:18:01.021+07:00  INFO 24224 --- [main] com.zaxxer.hikari.pool.HikariPool        : HikariPool-1 - Added connection com.mysql.cj.jdbc.ConnectionImpl@93f15f6
2023-07-29T14:18:01.027+07:00  INFO 24224 --- [main] com.zaxxer.hikari.HikariDataSource       : HikariPool-1 - Start completed.
2023-07-29T14:18:01.109+07:00  WARN 24224 --- [main] org.hibernate.dialect.Dialect            : HHH000511: The 5.5.0 version for [org.hibernate.dialect.MySQLDialect] is no longer supported, hence certain features may not work properly. The minimum supported version is 5.7.0. Check the community dialects project for available legacy versions.
2023-07-29T14:18:01.491+07:00  INFO 24224 --- [main] o.h.b.i.BytecodeProviderInitiator        : HHH000021: Bytecode provider name : bytebuddy
2023-07-29T14:18:02.500+07:00  INFO 24224 --- [main] o.h.e.t.j.p.i.JtaPlatformInitiator       : HHH000490: Using JtaPlatform implementation: [org.hibernate.engine.transaction.jta.platform.internal.NoJtaPlatform]
2023-07-29T14:18:02.605+07:00  INFO 24224 --- [main] j.LocalContainerEntityManagerFactoryBean : Initialized JPA EntityManagerFactory for persistence unit 'default'
2023-07-29T14:18:03.395+07:00  WARN 24224 --- [main] JpaBaseConfiguration$JpaWebConfiguration : spring.jpa.open-in-view is enabled by default. Therefore, database queries may be performed during view rendering. Explicitly configure spring.jpa.open-in-view to disable this warning
2023-07-29T14:18:05.429+07:00  INFO 24224 --- [main] DiscoveryClientOptionalArgsConfiguration : Eureka HTTP Client uses RestTemplate.
2023-07-29T14:18:05.492+07:00  WARN 24224 --- [main] iguration$LoadBalancerCaffeineWarnLogger : Spring Cloud LoadBalancer is currently working with the default cache. While this cache implementation is useful for development and tests, it's recommended to use Caffeine cache in production.You can switch to using Caffeine cache, by adding it and org.springframework.cache.caffeine.CaffeineCacheManager to the classpath.
2023-07-29T14:18:05.502+07:00  INFO 24224 --- [main] o.s.b.a.e.web.EndpointLinksResolver      : Exposing 17 endpoint(s) beneath base path '/actuator'
2023-07-29T14:18:05.734+07:00  INFO 24224 --- [main] o.s.c.n.eureka.InstanceInfoFactory       : Setting initial instance status as: STARTING
2023-07-29T14:18:05.888+07:00  INFO 24224 --- [main] com.netflix.discovery.DiscoveryClient    : Initializing Eureka in region us-east-1
2023-07-29T14:18:05.895+07:00  INFO 24224 --- [main] c.n.d.s.r.aws.ConfigClusterResolver      : Resolving eureka endpoints via configuration
2023-07-29T14:18:05.944+07:00  INFO 24224 --- [main] com.netflix.discovery.DiscoveryClient    : Disable delta property : false
2023-07-29T14:18:05.944+07:00  INFO 24224 --- [main] com.netflix.discovery.DiscoveryClient    : Single vip registry refresh property : null
2023-07-29T14:18:05.944+07:00  INFO 24224 --- [main] com.netflix.discovery.DiscoveryClient    : Force full registry fetch : false
2023-07-29T14:18:05.945+07:00  INFO 24224 --- [main] com.netflix.discovery.DiscoveryClient    : Application is null : false
2023-07-29T14:18:05.945+07:00  INFO 24224 --- [main] com.netflix.discovery.DiscoveryClient    : Registered Applications size is zero : true
2023-07-29T14:18:05.946+07:00  INFO 24224 --- [main] com.netflix.discovery.DiscoveryClient    : Application version is -1: true
2023-07-29T14:18:05.947+07:00  INFO 24224 --- [main] com.netflix.discovery.DiscoveryClient    : Getting all instance registry info from the eureka server
2023-07-29T14:18:06.339+07:00  INFO 24224 --- [main] com.netflix.discovery.DiscoveryClient    : The response status is 200
2023-07-29T14:18:06.344+07:00  INFO 24224 --- [main] com.netflix.discovery.DiscoveryClient    : Starting heartbeat executor: renew interval is: 30
2023-07-29T14:18:06.349+07:00  INFO 24224 --- [main] c.n.discovery.InstanceInfoReplicator     : InstanceInfoReplicator onDemand update allowed rate per min is 4
2023-07-29T14:18:06.357+07:00  INFO 24224 --- [main] com.netflix.discovery.DiscoveryClient    : Discovery Client initialized at timestamp 1690615086356 with initial instances count: 1
2023-07-29T14:18:06.361+07:00  INFO 24224 --- [main] o.s.c.n.e.s.EurekaServiceRegistry        : Registering application ADD-CUSTOMER-SERVICE with eureka with status UP
2023-07-29T14:18:06.362+07:00  INFO 24224 --- [main] com.netflix.discovery.DiscoveryClient    : Saw local status change event StatusChangeEvent [timestamp=1690615086362, current=UP, previous=STARTING]
2023-07-29T14:18:06.365+07:00  INFO 24224 --- [DiscoveryClient-InstanceInfoReplicator-0] com.netflix.discovery.DiscoveryClient    : DiscoveryClient_ADD-CUSTOMER-SERVICE/laptop:add-customer-service:8881: registering service...
2023-07-29T14:18:06.427+07:00  INFO 24224 --- [main] o.s.b.w.embedded.tomcat.TomcatWebServer  : Tomcat started on port(s): 8881 (http) with context path ''
2023-07-29T14:18:06.431+07:00  INFO 24224 --- [main] .s.c.n.e.s.EurekaAutoServiceRegistration : Updating port to 8881
2023-07-29T14:18:06.459+07:00  INFO 24224 --- [DiscoveryClient-InstanceInfoReplicator-0] com.netflix.discovery.DiscoveryClient    : DiscoveryClient_ADD-CUSTOMER-SERVICE/laptop:add-customer-service:8881 - registration status: 204
2023-07-29T14:18:06.730+07:00  INFO 24224 --- [main] com.luongvandat.AddCustomerApplication   : Started AddCustomerApplication in 13.043 seconds (process running for 14.789)
2023-07-29T14:18:06.789+07:00  INFO 24224 --- [registrationTask1] d.c.b.a.c.r.ApplicationRegistrator       : Application registered itself as 5b5527fddfd9
2023-07-29T14:18:06.949+07:00  INFO 24224 --- [http-nio-8881-exec-1] o.a.c.c.C.[Tomcat].[localhost].[/]       : Initializing Spring DispatcherServlet 'dispatcherServlet'
2023-07-29T14:18:06.950+07:00  INFO 24224 --- [http-nio-8881-exec-1] o.s.web.servlet.DispatcherServlet        : Initializing Servlet 'dispatcherServlet'
2023-07-29T14:18:06.955+07:00  INFO 24224 --- [http-nio-8881-exec-1] o.s.web.servlet.DispatcherServlet        : Completed initialization in 5 ms
2023-07-29T14:23:05.959+07:00  INFO 24224 --- [AsyncResolver-bootstrap-executor-0] c.n.d.s.r.aws.ConfigClusterResolver      : Resolving eureka endpoints via configuration
2023-07-29T14:26:44.875+07:00  INFO 24224 --- [SpringApplicationShutdownHook] o.s.c.n.e.s.EurekaServiceRegistry        : Unregistering application ADD-CUSTOMER-SERVICE with eureka with status DOWN
2023-07-29T14:26:44.875+07:00  INFO 24224 --- [SpringApplicationShutdownHook] com.netflix.discovery.DiscoveryClient    : Saw local status change event StatusChangeEvent [timestamp=1690615604875, current=DOWN, previous=UP]
2023-07-29T14:26:44.875+07:00  INFO 24224 --- [DiscoveryClient-InstanceInfoReplicator-0] com.netflix.discovery.DiscoveryClient    : DiscoveryClient_ADD-CUSTOMER-SERVICE/laptop:add-customer-service:8881: registering service...
2023-07-29T14:26:44.887+07:00  INFO 24224 --- [DiscoveryClient-InstanceInfoReplicator-0] com.netflix.discovery.DiscoveryClient    : DiscoveryClient_ADD-CUSTOMER-SERVICE/laptop:add-customer-service:8881 - registration status: 204
2023-07-29T14:26:44.948+07:00  INFO 24224 --- [SpringApplicationShutdownHook] j.LocalContainerEntityManagerFactoryBean : Closing JPA EntityManagerFactory for persistence unit 'default'
2023-07-29T14:26:44.948+07:00  INFO 24224 --- [SpringApplicationShutdownHook] com.zaxxer.hikari.HikariDataSource       : HikariPool-1 - Shutdown initiated...
2023-07-29T14:26:44.981+07:00  INFO 24224 --- [SpringApplicationShutdownHook] com.zaxxer.hikari.HikariDataSource       : HikariPool-1 - Shutdown completed.
2023-07-29T14:26:44.983+07:00  INFO 24224 --- [SpringApplicationShutdownHook] com.netflix.discovery.DiscoveryClient    : Shutting down DiscoveryClient ...
2023-07-29T14:26:47.989+07:00  INFO 24224 --- [SpringApplicationShutdownHook] com.netflix.discovery.DiscoveryClient    : Unregistering ...
2023-07-29T14:26:47.994+07:00  INFO 24224 --- [SpringApplicationShutdownHook] com.netflix.discovery.DiscoveryClient    : DiscoveryClient_ADD-CUSTOMER-SERVICE/laptop:add-customer-service:8881 - deregister  status: 200
2023-07-29T14:26:48.005+07:00  INFO 24224 --- [SpringApplicationShutdownHook] com.netflix.discovery.DiscoveryClient    : Completed shut down of DiscoveryClient
